<?xml version="1.0" encoding="UTF-8"?>
<testsuite name="com.maximumtest.MaximumTest" tests="1" skipped="0" failures="0" errors="0" timestamp="2021-04-11T19:07:28" hostname="DADA" time="0.067">
  <properties/>
  <testcase name="givenThreeMaximumNumbersAndPrintIntegerMaximumNumber()" classname="com.maximumtest.MaximumTest" time="0.067"/>
  <system-out><![CDATA[]]></system-out>
  <system-err><![CDATA[]]></system-err>
</testsuite>
