<?xml version="1.0" encoding="UTF-8"?>
<testsuite name="com.maximumtest.MaximumTest" tests="1" skipped="0" failures="0" errors="0" timestamp="2021-04-11T09:32:10" hostname="DADA" time="0.096">
  <properties/>
  <testcase name="givenMaximumNumberAtThirdPositionShouldReturnStringSameNumber()" classname="com.maximumtest.MaximumTest" time="0.096"/>
  <system-out><![CDATA[]]></system-out>
  <system-err><![CDATA[]]></system-err>
</testsuite>
